<?xml version="1.0" encoding="UTF-8"?>
<!-- Generated by org.testng.reporters.JUnitXMLReporter -->
<testsuite hostname="DESKTOP-94GRIOQ" ignored="1" name="NegativeTests" tests="1" failures="0" timestamp="12 Dec 2020 07:00:42 GMT" time="10.875" errors="0">
  <testcase name="incorrectPasswordTest" time="10.849" classname="com.herokuapp.theinternet.NegativeTests"/>
  <testcase name="incorrectUsernameTest" time="0.0" classname="com.herokuapp.theinternet.NegativeTests">
    <ignored/>
  </testcase> <!-- incorrectUsernameTest -->
</testsuite> <!-- NegativeTests -->
