<?xml version="1.0" encoding="UTF-8"?>
<testng-results skipped="0" failed="0" ignored="1" total="2" passed="1">
  <reporter-output>
  </reporter-output>
  <suite name="NegativeTestsSuite" duration-ms="10875" started-at="2020-12-12T07:00:31Z" finished-at="2020-12-12T07:00:42Z">
    <groups>
    </groups>
    <test name="NegativeTests" duration-ms="10875" started-at="2020-12-12T07:00:31Z" finished-at="2020-12-12T07:00:42Z">
      <class name="com.herokuapp.theinternet.NegativeTests">
        <test-method status="PASS" signature="incorrectPasswordTest()[pri:2, instance:com.herokuapp.theinternet.NegativeTests@2f177a4b]" name="incorrectPasswordTest" duration-ms="10849" started-at="2020-12-12T07:00:31Z" finished-at="2020-12-12T07:00:42Z">
          <reporter-output>
          </reporter-output>
        </test-method> <!-- incorrectPasswordTest -->
      </class> <!-- com.herokuapp.theinternet.NegativeTests -->
    </test> <!-- NegativeTests -->
  </suite> <!-- NegativeTestsSuite -->
</testng-results>
