<?xml version="1.0" encoding="UTF-8"?>
<!-- Generated by org.testng.reporters.JUnitXMLReporter -->
<testsuite hostname="DESKTOP-94GRIOQ" ignored="0" name="Default test" tests="2" failures="0" timestamp="12 Dec 2020 01:52:00 GMT" time="23.446" errors="0">
  <testcase name="incorrectPasswordTest" time="11.132" classname="com.herokuapp.theinternet.NegativeTests"/>
  <testcase name="incorrectUsernameTest" time="12.29" classname="com.herokuapp.theinternet.NegativeTests"/>
</testsuite> <!-- Default test -->
